<?xml version="1.0" encoding="UTF-8"?>
<!-- Generated by org.testng.reporters.JUnitXMLReporter -->
<testsuite ignored="0" hostname="LAPTOP-RMK290R9" failures="2" tests="5" name="test1" time="1063.142" errors="0" timestamp="2024-07-19T15:55:33 IDT">
  <testcase classname="tests.sqlink.Sqlink" name="tc01_runSqlink" time="294.394"/>
  <testcase classname="tests.jobnet.Jobnet" name="tc01_RunJobnet" time="375.212"/>
  <testcase classname="tests.jobmaster.Jobmaster" name="tc01_RunJobMaster" time="220.472">
    <failure type="org.openqa.selenium.ElementClickInterceptedException" message="element click intercepted: Element &amp;lt;span tabindex=&amp;quot;0&amp;quot; class=&amp;quot;bottomItems twoBTNS bottomItemsSend Begin_Cv_Send&amp;quot; data-selector=&amp;quot;Begin_Cv_Send_9098961&amp;quot; forlogin=&amp;quot;{&amp;apos;isLogin&amp;apos;:&amp;apos;false&amp;apos;,&amp;apos;selector&amp;apos;:&amp;apos;data-selector&amp;apos;,&amp;apos;events&amp;apos;:&amp;apos;scrollIntoView(),click()&amp;apos;}&amp;quot; onclick=&amp;quot;sendEventApply(&amp;apos;9098961&amp;apos;);applyJob(9098961,null);&amp;quot; style=&amp;quot;&amp;quot;&amp;gt;...&amp;lt;/span&amp;gt; is not clickable at point (1028, 515). Other element would receive the click: &amp;lt;div id=&amp;quot;modal_shadow&amp;quot; style=&amp;quot;&amp;quot;&amp;gt;&amp;lt;/div&amp;gt;
  (Session info: chrome=126.0.6478.127)
Build info: version: &amp;apos;4.18.1&amp;apos;, revision: &amp;apos;b1d3319b48&amp;apos;
System info: os.name: &amp;apos;Windows 10&amp;apos;, os.arch: &amp;apos;amd64&amp;apos;, os.version: &amp;apos;10.0&amp;apos;, java.version: &amp;apos;11.0.13&amp;apos;
Driver info: org.openqa.selenium.chrome.ChromeDriver
Command: [1be369d2cf4c8b4692781aff58e5d400, clickElement {id=f.AD5F8182FB6CAB4E39C2734117B330F9.d.E27F9C68C837293059EA39C7A80537C0.e.1520}]
Capabilities {acceptInsecureCerts: false, browserName: chrome, browserVersion: 126.0.6478.127, chrome: {chromedriverVersion: 126.0.6478.182 (5b5d8292ddf..., userDataDir: C:\Users\jonmi\AppData\Loca...}, fedcm:accounts: true, goog:chromeOptions: {debuggerAddress: localhost:55107}, networkConnectionEnabled: false, pageLoadStrategy: normal, platformName: windows, proxy: Proxy(), se:cdp: ws://localhost:55107/devtoo..., se:cdpVersion: 126.0.6478.127, setWindowRect: true, strictFileInteractability: false, timeouts: {implicit: 0, pageLoad: 300000, script: 30000}, unhandledPromptBehavior: dismiss and notify, webauthn:extension:credBlob: true, webauthn:extension:largeBlob: true, webauthn:extension:minPinLength: true, webauthn:extension:prf: true, webauthn:virtualAuthenticators: true}
Element: [[ChromeDriver: chrome on windows (1be369d2cf4c8b4692781aff58e5d400)] -&amp;gt; css selector: [id^=&amp;quot;misra&amp;quot;] .bottomItemsSend]
Session ID: 1be369d2cf4c8b4692781aff58e5d400">
      <![CDATA[org.openqa.selenium.ElementClickInterceptedException: element click intercepted: Element <span tabindex="0" class="bottomItems twoBTNS bottomItemsSend Begin_Cv_Send" data-selector="Begin_Cv_Send_9098961" forlogin="{'isLogin':'false','selector':'data-selector','events':'scrollIntoView(),click()'}" onclick="sendEventApply('9098961');applyJob(9098961,null);" style="">...</span> is not clickable at point (1028, 515). Other element would receive the click: <div id="modal_shadow" style=""></div>
  (Session info: chrome=126.0.6478.127)
Build info: version: '4.18.1', revision: 'b1d3319b48'
System info: os.name: 'Windows 10', os.arch: 'amd64', os.version: '10.0', java.version: '11.0.13'
Driver info: org.openqa.selenium.chrome.ChromeDriver
Command: [1be369d2cf4c8b4692781aff58e5d400, clickElement {id=f.AD5F8182FB6CAB4E39C2734117B330F9.d.E27F9C68C837293059EA39C7A80537C0.e.1520}]
Capabilities {acceptInsecureCerts: false, browserName: chrome, browserVersion: 126.0.6478.127, chrome: {chromedriverVersion: 126.0.6478.182 (5b5d8292ddf..., userDataDir: C:\Users\jonmi\AppData\Loca...}, fedcm:accounts: true, goog:chromeOptions: {debuggerAddress: localhost:55107}, networkConnectionEnabled: false, pageLoadStrategy: normal, platformName: windows, proxy: Proxy(), se:cdp: ws://localhost:55107/devtoo..., se:cdpVersion: 126.0.6478.127, setWindowRect: true, strictFileInteractability: false, timeouts: {implicit: 0, pageLoad: 300000, script: 30000}, unhandledPromptBehavior: dismiss and notify, webauthn:extension:credBlob: true, webauthn:extension:largeBlob: true, webauthn:extension:minPinLength: true, webauthn:extension:prf: true, webauthn:virtualAuthenticators: true}
Element: [[ChromeDriver: chrome on windows (1be369d2cf4c8b4692781aff58e5d400)] -> css selector: [id^="misra"] .bottomItemsSend]
Session ID: 1be369d2cf4c8b4692781aff58e5d400
at org.openqa.selenium.remote.ErrorCodec.decode(ErrorCodec.java:167)
at org.openqa.selenium.remote.codec.w3c.W3CHttpResponseCodec.decode(W3CHttpResponseCodec.java:138)
at org.openqa.selenium.remote.codec.w3c.W3CHttpResponseCodec.decode(W3CHttpResponseCodec.java:50)
at org.openqa.selenium.remote.HttpCommandExecutor.execute(HttpCommandExecutor.java:190)
at org.openqa.selenium.remote.service.DriverCommandExecutor.invokeExecute(DriverCommandExecutor.java:216)
at org.openqa.selenium.remote.service.DriverCommandExecutor.execute(DriverCommandExecutor.java:174)
at org.openqa.selenium.remote.RemoteWebDriver.execute(RemoteWebDriver.java:519)
at org.openqa.selenium.remote.RemoteWebElement.execute(RemoteWebElement.java:223)
at org.openqa.selenium.remote.RemoteWebElement.click(RemoteWebElement.java:76)
at pageobjects.BasePage.click(BasePage.java:154)
at pageobjects.Jobmaster.FeedPage.sendCVByKeys(FeedPage.java:42)
at pageobjects.Jobmaster.FeedPage.sendCVByKeys(FeedPage.java:60)
at pageobjects.Jobmaster.FeedPage.searchByArrayAndCallSendCV(FeedPage.java:75)
at tests.jobmaster.Jobmaster.tc01_RunJobMaster(Jobmaster.java:18)
at java.base/java.util.ArrayList.forEach(ArrayList.java:1541)
... Removed 35 stack frames]]>
    </failure>
  </testcase> <!-- tc01_RunJobMaster -->
  <testcase classname="tests.drushim.Drushim" name="tc01_runDrushim" time="10.529">
    <failure type="java.lang.AssertionError" message="expected [יהונתן] but found [התחברות]">
      <![CDATA[java.lang.AssertionError: expected [יהונתן] but found [התחברות]
at pageobjects.BasePage.assertEquals(BasePage.java:158)
at tests.drushim.Drushim.tc01_runDrushim(Drushim.java:13)
at java.base/java.util.ArrayList.forEach(ArrayList.java:1541)
... Removed 37 stack frames]]>
    </failure>
  </testcase> <!-- tc01_runDrushim -->
  <testcase classname="tests.alljobs.AllJobs" name="tc01_runAllJobs" time="31.708"/>
</testsuite> <!-- test1 -->
